# JRE version: Java(TM) SE Runtime Environment (8.0_261-b12) (build 1.8.0_261-b12)
# Java VM: Java HotSpot(TM) 64-Bit Server VM (25.261-b12 mixed mode windows-amd64 compressed oops)
Heap:
 PSYoungGen      total 147456K, used 106435K [0x00000000e0800000, 0x00000000ed480000, 0x0000000100000000)
  eden space 134144K, 69% used [0x00000000e0800000,0x00000000e62f4ac0,0x00000000e8b00000)
  from space 13312K, 99% used [0x00000000e8b00000,0x00000000e97fc428,0x00000000e9800000)
  to   space 18432K, 0% used [0x00000000ec280000,0x00000000ec280000,0x00000000ed480000)
 ParOldGen       total 53248K, used 23985K [0x00000000a1800000, 0x00000000a4c00000, 0x00000000e0800000)
  object space 53248K, 45% used [0x00000000a1800000,0x00000000a2f6c620,0x00000000a4c00000)
 Metaspace       used 29295K, capacity 30186K, committed 30464K, reserved 1075200K
  class space    used 3470K, capacity 3743K, committed 3840K, reserved 1048576K
GC Heap History (10 events):
Event: 9.548 GC heap before
{Heap before GC invocations=6 (full 0):
 PSYoungGen      total 53248K, used 38225K [0x00000000e0800000, 0x00000000e7900000, 0x0000000100000000)
  eden space 49152K, 69% used [0x00000000e0800000,0x00000000e295c688,0x00000000e3800000)
  from space 4096K, 99% used [0x00000000e3800000,0x00000000e3bf8020,0x00000000e3c00000)
  to   space 8704K, 0% used [0x00000000e7080000,0x00000000e7080000,0x00000000e7900000)
 ParOldGen       total 65536K, used 9306K [0x00000000a1800000, 0x00000000a5800000, 0x00000000e0800000)
  object space 65536K, 14% used [0x00000000a1800000,0x00000000a2116880,0x00000000a5800000)
 Metaspace       used 20566K, capacity 21148K, committed 21248K, reserved 1067008K
  class space    used 2522K, capacity 2725K, committed 2816K, reserved 1048576K
Event: 9.578 GC heap after
Heap after GC invocations=6 (full 0):
 PSYoungGen      total 107008K, used 6449K [0x00000000e0800000, 0x00000000e7900000, 0x0000000100000000)
  eden space 98304K, 0% used [0x00000000e0800000,0x00000000e0800000,0x00000000e6800000)
  from space 8704K, 74% used [0x00000000e7080000,0x00000000e76cc538,0x00000000e7900000)
  to   space 8704K, 0% used [0x00000000e6800000,0x00000000e6800000,0x00000000e7080000)
 ParOldGen       total 65536K, used 9314K [0x00000000a1800000, 0x00000000a5800000, 0x00000000e0800000)
  object space 65536K, 14% used [0x00000000a1800000,0x00000000a2118880,0x00000000a5800000)
 Metaspace       used 20566K, capacity 21148K, committed 21248K, reserved 1067008K
  class space    used 2522K, capacity 2725K, committed 2816K, reserved 1048576K
}
Event: 9.578 GC heap before
{Heap before GC invocations=7 (full 1):
 PSYoungGen      total 107008K, used 6449K [0x00000000e0800000, 0x00000000e7900000, 0x0000000100000000)
  eden space 98304K, 0% used [0x00000000e0800000,0x00000000e0800000,0x00000000e6800000)
  from space 8704K, 74% used [0x00000000e7080000,0x00000000e76cc538,0x00000000e7900000)
  to   space 8704K, 0% used [0x00000000e6800000,0x00000000e6800000,0x00000000e7080000)
 ParOldGen       total 65536K, used 9314K [0x00000000a1800000, 0x00000000a5800000, 0x00000000e0800000)
  object space 65536K, 14% used [0x00000000a1800000,0x00000000a2118880,0x00000000a5800000)
 Metaspace       used 20566K, capacity 21148K, committed 21248K, reserved 1067008K
  class space    used 2522K, capacity 2725K, committed 2816K, reserved 1048576K
Event: 9.735 GC heap after
Heap after GC invocations=7 (full 1):
 PSYoungGen      total 107008K, used 0K [0x00000000e0800000, 0x00000000e7900000, 0x0000000100000000)
  eden space 98304K, 0% used [0x00000000e0800000,0x00000000e0800000,0x00000000e6800000)
  from space 8704K, 0% used [0x00000000e7080000,0x00000000e7080000,0x00000000e7900000)
  to   space 8704K, 0% used [0x00000000e6800000,0x00000000e6800000,0x00000000e7080000)
 ParOldGen       total 53248K, used 9903K [0x00000000a1800000, 0x00000000a4c00000, 0x00000000e0800000)
  object space 53248K, 18% used [0x00000000a1800000,0x00000000a21abc58,0x00000000a4c00000)
 Metaspace       used 20566K, capacity 21148K, committed 21248K, reserved 1067008K
  class space    used 2522K, capacity 2725K, committed 2816K, reserved 1048576K
}
Event: 16.549 GC heap before
{Heap before GC invocations=8 (full 1):
 PSYoungGen      total 107008K, used 98304K [0x00000000e0800000, 0x00000000e7900000, 0x0000000100000000)
  eden space 98304K, 100% used [0x00000000e0800000,0x00000000e6800000,0x00000000e6800000)
  from space 8704K, 0% used [0x00000000e7080000,0x00000000e7080000,0x00000000e7900000)
  to   space 8704K, 0% used [0x00000000e6800000,0x00000000e6800000,0x00000000e7080000)
 ParOldGen       total 53248K, used 9903K [0x00000000a1800000, 0x00000000a4c00000, 0x00000000e0800000)
  object space 53248K, 18% used [0x00000000a1800000,0x00000000a21abc58,0x00000000a4c00000)
 Metaspace       used 23603K, capacity 24286K, committed 24320K, reserved 1071104K
  class space    used 2828K, capacity 3048K, committed 3072K, reserved 1048576K
Event: 16.580 GC heap after
Heap after GC invocations=8 (full 1):
 PSYoungGen      total 107008K, used 8689K [0x00000000e0800000, 0x00000000ea200000, 0x0000000100000000)
  eden space 98304K, 0% used [0x00000000e0800000,0x00000000e0800000,0x00000000e6800000)
  from space 8704K, 99% used [0x00000000e6800000,0x00000000e707c408,0x00000000e7080000)
  to   space 10240K, 0% used [0x00000000e9800000,0x00000000e9800000,0x00000000ea200000)
 ParOldGen       total 53248K, used 11499K [0x00000000a1800000, 0x00000000a4c00000, 0x00000000e0800000)
  object space 53248K, 21% used [0x00000000a1800000,0x00000000a233ad60,0x00000000a4c00000)
 Metaspace       used 23603K, capacity 24286K, committed 24320K, reserved 1071104K
  class space    used 2828K, capacity 3048K, committed 3072K, reserved 1048576K
}
Event: 18.655 GC heap before
{Heap before GC invocations=9 (full 1):
 PSYoungGen      total 107008K, used 106993K [0x00000000e0800000, 0x00000000ea200000, 0x0000000100000000)
  eden space 98304K, 100% used [0x00000000e0800000,0x00000000e6800000,0x00000000e6800000)
  from space 8704K, 99% used [0x00000000e6800000,0x00000000e707c408,0x00000000e7080000)
  to   space 10240K, 0% used [0x00000000e9800000,0x00000000e9800000,0x00000000ea200000)
 ParOldGen       total 53248K, used 11499K [0x00000000a1800000, 0x00000000a4c00000, 0x00000000e0800000)
  object space 53248K, 21% used [0x00000000a1800000,0x00000000a233ad60,0x00000000a4c00000)
 Metaspace       used 24056K, capacity 24746K, committed 24832K, reserved 1071104K
  class space    used 2836K, capacity 3050K, committed 3072K, reserved 1048576K
Event: 18.733 GC heap after
Heap after GC invocations=9 (full 1):
 PSYoungGen      total 144384K, used 10225K [0x00000000e0800000, 0x00000000eb300000, 0x0000000100000000)
  eden space 134144K, 0% used [0x00000000e0800000,0x00000000e0800000,0x00000000e8b00000)
  from space 10240K, 99% used [0x00000000e9800000,0x00000000ea1fc418,0x00000000ea200000)
  to   space 13312K, 0% used [0x00000000e8b00000,0x00000000e8b00000,0x00000000e9800000)
 ParOldGen       total 53248K, used 15402K [0x00000000a1800000, 0x00000000a4c00000, 0x00000000e0800000)
  object space 53248K, 28% used [0x00000000a1800000,0x00000000a270a878,0x00000000a4c00000)
 Metaspace       used 24056K, capacity 24746K, committed 24832K, reserved 1071104K
  class space    used 2836K, capacity 3050K, committed 3072K, reserved 1048576K
}
Event: 28.418 GC heap before
{Heap before GC invocations=10 (full 1):
 PSYoungGen      total 144384K, used 144369K [0x00000000e0800000, 0x00000000eb300000, 0x0000000100000000)
  eden space 134144K, 100% used [0x00000000e0800000,0x00000000e8b00000,0x00000000e8b00000)
  from space 10240K, 99% used [0x00000000e9800000,0x00000000ea1fc418,0x00000000ea200000)
  to   space 13312K, 0% used [0x00000000e8b00000,0x00000000e8b00000,0x00000000e9800000)
 ParOldGen       total 53248K, used 15402K [0x00000000a1800000, 0x00000000a4c00000, 0x00000000e0800000)
  object space 53248K, 28% used [0x00000000a1800000,0x00000000a270a878,0x00000000a4c00000)
 Metaspace       used 28067K, capacity 28970K, committed 29184K, reserved 1075200K
  class space    used 3314K, capacity 3574K, committed 3584K, reserved 1048576K
Event: 28.491 GC heap after
Heap after GC invocations=10 (full 1):
 PSYoungGen      total 147456K, used 13297K [0x00000000e0800000, 0x00000000ed480000, 0x0000000100000000)
  eden space 134144K, 0% used [0x00000000e0800000,0x00000000e0800000,0x00000000e8b00000)
  from space 13312K, 99% used [0x00000000e8b00000,0x00000000e97fc428,0x00000000e9800000)
  to   space 18432K, 0% used [0x00000000ec280000,0x00000000ec280000,0x00000000ed480000)
 ParOldGen       total 53248K, used 23985K [0x00000000a1800000, 0x00000000a4c00000, 0x00000000e0800000)
  object space 53248K, 45% used [0x00000000a1800000,0x00000000a2f6c620,0x00000000a4c00000)
 Metaspace       used 28067K, capacity 28970K, committed 29184K, reserved 1075200K
  class space    used 3314K, capacity 3574K, committed 3584K, reserved 1048576K
}

