# JRE version: Java(TM) SE Runtime Environment (8.0_261-b12) (build 1.8.0_261-b12)
# Java VM: Java HotSpot(TM) 64-Bit Server VM (25.261-b12 mixed mode windows-amd64 compressed oops)
Heap:
 PSYoungGen      total 101376K, used 73404K [0x00000000e0800000, 0x00000000e7700000, 0x0000000100000000)
  eden space 90112K, 69% used [0x00000000e0800000,0x00000000e4585128,0x00000000e6000000)
  from space 11264K, 92% used [0x00000000e6000000,0x00000000e6a29ff8,0x00000000e6b00000)
  to   space 10240K, 0% used [0x00000000e6b00000,0x00000000e6b00000,0x00000000e7500000)
 ParOldGen       total 65536K, used 10095K [0x00000000a1800000, 0x00000000a5800000, 0x00000000e0800000)
  object space 65536K, 15% used [0x00000000a1800000,0x00000000a21dbea8,0x00000000a5800000)
 Metaspace       used 26185K, capacity 26968K, committed 27136K, reserved 1073152K
  class space    used 3065K, capacity 3294K, committed 3328K, reserved 1048576K
GC Heap History (10 events):
Event: 6.328 GC heap before
{Heap before GC invocations=6 (full 1):
 PSYoungGen      total 53248K, used 4080K [0x00000000e0800000, 0x00000000e4000000, 0x0000000100000000)
  eden space 49152K, 0% used [0x00000000e0800000,0x00000000e0800000,0x00000000e3800000)
  from space 4096K, 99% used [0x00000000e3800000,0x00000000e3bfc010,0x00000000e3c00000)
  to   space 4096K, 0% used [0x00000000e3c00000,0x00000000e3c00000,0x00000000e4000000)
 ParOldGen       total 65536K, used 7377K [0x00000000a1800000, 0x00000000a5800000, 0x00000000e0800000)
  object space 65536K, 11% used [0x00000000a1800000,0x00000000a1f34690,0x00000000a5800000)
 Metaspace       used 15948K, capacity 16378K, committed 16512K, reserved 1062912K
  class space    used 1946K, capacity 2092K, committed 2176K, reserved 1048576K
Event: 6.380 GC heap after
Heap after GC invocations=6 (full 1):
 PSYoungGen      total 53248K, used 0K [0x00000000e0800000, 0x00000000e4000000, 0x0000000100000000)
  eden space 49152K, 0% used [0x00000000e0800000,0x00000000e0800000,0x00000000e3800000)
  from space 4096K, 0% used [0x00000000e3800000,0x00000000e3800000,0x00000000e3c00000)
  to   space 4096K, 0% used [0x00000000e3c00000,0x00000000e3c00000,0x00000000e4000000)
 ParOldGen       total 65536K, used 6540K [0x00000000a1800000, 0x00000000a5800000, 0x00000000e0800000)
  object space 65536K, 9% used [0x00000000a1800000,0x00000000a1e63190,0x00000000a5800000)
 Metaspace       used 15948K, capacity 16378K, committed 16512K, reserved 1062912K
  class space    used 1946K, capacity 2092K, committed 2176K, reserved 1048576K
}
Event: 12.315 GC heap before
{Heap before GC invocations=7 (full 1):
 PSYoungGen      total 53248K, used 49152K [0x00000000e0800000, 0x00000000e4000000, 0x0000000100000000)
  eden space 49152K, 100% used [0x00000000e0800000,0x00000000e3800000,0x00000000e3800000)
  from space 4096K, 0% used [0x00000000e3800000,0x00000000e3800000,0x00000000e3c00000)
  to   space 4096K, 0% used [0x00000000e3c00000,0x00000000e3c00000,0x00000000e4000000)
 ParOldGen       total 65536K, used 6540K [0x00000000a1800000, 0x00000000a5800000, 0x00000000e0800000)
  object space 65536K, 9% used [0x00000000a1800000,0x00000000a1e63190,0x00000000a5800000)
 Metaspace       used 19987K, capacity 20540K, committed 20608K, reserved 1067008K
  class space    used 2452K, capacity 2629K, committed 2688K, reserved 1048576K
Event: 12.328 GC heap after
Heap after GC invocations=7 (full 1):
 PSYoungGen      total 49664K, used 3633K [0x00000000e0800000, 0x00000000e4580000, 0x0000000100000000)
  eden space 45568K, 0% used [0x00000000e0800000,0x00000000e0800000,0x00000000e3480000)
  from space 4096K, 88% used [0x00000000e3c00000,0x00000000e3f8c420,0x00000000e4000000)
  to   space 7680K, 0% used [0x00000000e3480000,0x00000000e3480000,0x00000000e3c00000)
 ParOldGen       total 65536K, used 6548K [0x00000000a1800000, 0x00000000a5800000, 0x00000000e0800000)
  object space 65536K, 9% used [0x00000000a1800000,0x00000000a1e65190,0x00000000a5800000)
 Metaspace       used 19987K, capacity 20540K, committed 20608K, reserved 1067008K
  class space    used 2452K, capacity 2629K, committed 2688K, reserved 1048576K
}
Event: 15.079 GC heap before
{Heap before GC invocations=8 (full 1):
 PSYoungGen      total 49664K, used 49201K [0x00000000e0800000, 0x00000000e4580000, 0x0000000100000000)
  eden space 45568K, 100% used [0x00000000e0800000,0x00000000e3480000,0x00000000e3480000)
  from space 4096K, 88% used [0x00000000e3c00000,0x00000000e3f8c420,0x00000000e4000000)
  to   space 7680K, 0% used [0x00000000e3480000,0x00000000e3480000,0x00000000e3c00000)
 ParOldGen       total 65536K, used 6548K [0x00000000a1800000, 0x00000000a5800000, 0x00000000e0800000)
  object space 65536K, 9% used [0x00000000a1800000,0x00000000a1e65190,0x00000000a5800000)
 Metaspace       used 21954K, capacity 22548K, committed 22912K, reserved 1069056K
  class space    used 2625K, capacity 2829K, committed 2944K, reserved 1048576K
Event: 15.139 GC heap after
Heap after GC invocations=8 (full 1):
 PSYoungGen      total 53248K, used 7649K [0x00000000e0800000, 0x00000000e7500000, 0x0000000100000000)
  eden space 45568K, 0% used [0x00000000e0800000,0x00000000e0800000,0x00000000e3480000)
  from space 7680K, 99% used [0x00000000e3480000,0x00000000e3bf8418,0x00000000e3c00000)
  to   space 10240K, 0% used [0x00000000e6b00000,0x00000000e6b00000,0x00000000e7500000)
 ParOldGen       total 65536K, used 10095K [0x00000000a1800000, 0x00000000a5800000, 0x00000000e0800000)
  object space 65536K, 15% used [0x00000000a1800000,0x00000000a21dbea8,0x00000000a5800000)
 Metaspace       used 21954K, capacity 22548K, committed 22912K, reserved 1069056K
  class space    used 2625K, capacity 2829K, committed 2944K, reserved 1048576K
}
Event: 23.072 GC heap before
{Heap before GC invocations=9 (full 1):
 PSYoungGen      total 53248K, used 53217K [0x00000000e0800000, 0x00000000e7500000, 0x0000000100000000)
  eden space 45568K, 100% used [0x00000000e0800000,0x00000000e3480000,0x00000000e3480000)
  from space 7680K, 99% used [0x00000000e3480000,0x00000000e3bf8418,0x00000000e3c00000)
  to   space 10240K, 0% used [0x00000000e6b00000,0x00000000e6b00000,0x00000000e7500000)
 ParOldGen       total 65536K, used 10095K [0x00000000a1800000, 0x00000000a5800000, 0x00000000e0800000)
  object space 65536K, 15% used [0x00000000a1800000,0x00000000a21dbea8,0x00000000a5800000)
 Metaspace       used 23462K, capacity 24050K, committed 24320K, reserved 1071104K
  class space    used 2808K, capacity 3030K, committed 3072K, reserved 1048576K
Event: 23.124 GC heap after
Heap after GC invocations=9 (full 1):
 PSYoungGen      total 100352K, used 9817K [0x00000000e0800000, 0x00000000e7700000, 0x0000000100000000)
  eden space 90112K, 0% used [0x00000000e0800000,0x00000000e0800000,0x00000000e6000000)
  from space 10240K, 95% used [0x00000000e6b00000,0x00000000e7496600,0x00000000e7500000)
  to   space 11264K, 0% used [0x00000000e6000000,0x00000000e6000000,0x00000000e6b00000)
 ParOldGen       total 65536K, used 10095K [0x00000000a1800000, 0x00000000a5800000, 0x00000000e0800000)
  object space 65536K, 15% used [0x00000000a1800000,0x00000000a21dbea8,0x00000000a5800000)
 Metaspace       used 23462K, capacity 24050K, committed 24320K, reserved 1071104K
  class space    used 2808K, capacity 3030K, committed 3072K, reserved 1048576K
}
Event: 25.397 GC heap before
{Heap before GC invocations=10 (full 1):
 PSYoungGen      total 100352K, used 99929K [0x00000000e0800000, 0x00000000e7700000, 0x0000000100000000)
  eden space 90112K, 100% used [0x00000000e0800000,0x00000000e6000000,0x00000000e6000000)
  from space 10240K, 95% used [0x00000000e6b00000,0x00000000e7496600,0x00000000e7500000)
  to   space 11264K, 0% used [0x00000000e6000000,0x00000000e6000000,0x00000000e6b00000)
 ParOldGen       total 65536K, used 10095K [0x00000000a1800000, 0x00000000a5800000, 0x00000000e0800000)
  object space 65536K, 15% used [0x00000000a1800000,0x00000000a21dbea8,0x00000000a5800000)
 Metaspace       used 23953K, capacity 24618K, committed 24832K, reserved 1071104K
  class space    used 2832K, capacity 3050K, committed 3072K, reserved 1048576K
Event: 25.423 GC heap after
Heap after GC invocations=10 (full 1):
 PSYoungGen      total 101376K, used 10407K [0x00000000e0800000, 0x00000000e7700000, 0x0000000100000000)
  eden space 90112K, 0% used [0x00000000e0800000,0x00000000e0800000,0x00000000e6000000)
  from space 11264K, 92% used [0x00000000e6000000,0x00000000e6a29ff8,0x00000000e6b00000)
  to   space 10240K, 0% used [0x00000000e6b00000,0x00000000e6b00000,0x00000000e7500000)
 ParOldGen       total 65536K, used 10095K [0x00000000a1800000, 0x00000000a5800000, 0x00000000e0800000)
  object space 65536K, 15% used [0x00000000a1800000,0x00000000a21dbea8,0x00000000a5800000)
 Metaspace       used 23953K, capacity 24618K, committed 24832K, reserved 1071104K
  class space    used 2832K, capacity 3050K, committed 3072K, reserved 1048576K
}

