# JRE version: Java(TM) SE Runtime Environment (8.0_261-b12) (build 1.8.0_261-b12)
# Java VM: Java HotSpot(TM) 64-Bit Server VM (25.261-b12 mixed mode windows-amd64 compressed oops)
Heap:
 PSYoungGen      total 199168K, used 54114K [0x00000000e0800000, 0x00000000f1c00000, 0x0000000100000000)
  eden space 180736K, 29% used [0x00000000e0800000,0x00000000e3cd8b18,0x00000000eb880000)
  from space 18432K, 0% used [0x00000000eb880000,0x00000000eb880000,0x00000000eca80000)
  to   space 24064K, 0% used [0x00000000f0480000,0x00000000f0480000,0x00000000f1c00000)
 ParOldGen       total 53248K, used 39588K [0x00000000a1800000, 0x00000000a4c00000, 0x00000000e0800000)
  object space 53248K, 74% used [0x00000000a1800000,0x00000000a3ea92c8,0x00000000a4c00000)
 Metaspace       used 29312K, capacity 30226K, committed 33024K, reserved 1079296K
  class space    used 3455K, capacity 3714K, committed 4096K, reserved 1048576K
GC Heap History (10 events):
Event: 23.701 GC heap before
{Heap before GC invocations=9 (full 1):
 PSYoungGen      total 107008K, used 106984K [0x00000000e0800000, 0x00000000ea880000, 0x0000000100000000)
  eden space 98304K, 100% used [0x00000000e0800000,0x00000000e6800000,0x00000000e6800000)
  from space 8704K, 99% used [0x00000000e6800000,0x00000000e707a148,0x00000000e7080000)
  to   space 10240K, 0% used [0x00000000e9e80000,0x00000000e9e80000,0x00000000ea880000)
 ParOldGen       total 53248K, used 13422K [0x00000000a1800000, 0x00000000a4c00000, 0x00000000e0800000)
  object space 53248K, 25% used [0x00000000a1800000,0x00000000a251b8c0,0x00000000a4c00000)
 Metaspace       used 24055K, capacity 24746K, committed 24832K, reserved 1071104K
  class space    used 2834K, capacity 3050K, committed 3072K, reserved 1048576K
Event: 23.739 GC heap after
Heap after GC invocations=9 (full 1):
 PSYoungGen      total 151040K, used 10215K [0x00000000e0800000, 0x00000000eb300000, 0x0000000100000000)
  eden space 140800K, 0% used [0x00000000e0800000,0x00000000e0800000,0x00000000e9180000)
  from space 10240K, 99% used [0x00000000e9e80000,0x00000000ea879fb8,0x00000000ea880000)
  to   space 13312K, 0% used [0x00000000e9180000,0x00000000e9180000,0x00000000e9e80000)
 ParOldGen       total 53248K, used 17419K [0x00000000a1800000, 0x00000000a4c00000, 0x00000000e0800000)
  object space 53248K, 32% used [0x00000000a1800000,0x00000000a2902d68,0x00000000a4c00000)
 Metaspace       used 24055K, capacity 24746K, committed 24832K, reserved 1071104K
  class space    used 2834K, capacity 3050K, committed 3072K, reserved 1048576K
}
Event: 35.076 GC heap before
{Heap before GC invocations=10 (full 1):
 PSYoungGen      total 151040K, used 151015K [0x00000000e0800000, 0x00000000eb300000, 0x0000000100000000)
  eden space 140800K, 100% used [0x00000000e0800000,0x00000000e9180000,0x00000000e9180000)
  from space 10240K, 99% used [0x00000000e9e80000,0x00000000ea879fb8,0x00000000ea880000)
  to   space 13312K, 0% used [0x00000000e9180000,0x00000000e9180000,0x00000000e9e80000)
 ParOldGen       total 53248K, used 17419K [0x00000000a1800000, 0x00000000a4c00000, 0x00000000e0800000)
  object space 53248K, 32% used [0x00000000a1800000,0x00000000a2902d68,0x00000000a4c00000)
 Metaspace       used 28207K, capacity 29144K, committed 29312K, reserved 1075200K
  class space    used 3330K, capacity 3612K, committed 3712K, reserved 1048576K
Event: 35.137 GC heap after
Heap after GC invocations=10 (full 1):
 PSYoungGen      total 154112K, used 13303K [0x00000000e0800000, 0x00000000edc80000, 0x0000000100000000)
  eden space 140800K, 0% used [0x00000000e0800000,0x00000000e0800000,0x00000000e9180000)
  from space 13312K, 99% used [0x00000000e9180000,0x00000000e9e7dfa8,0x00000000e9e80000)
  to   space 18432K, 0% used [0x00000000eca80000,0x00000000eca80000,0x00000000edc80000)
 ParOldGen       total 53248K, used 26107K [0x00000000a1800000, 0x00000000a4c00000, 0x00000000e0800000)
  object space 53248K, 49% used [0x00000000a1800000,0x00000000a317ee68,0x00000000a4c00000)
 Metaspace       used 28207K, capacity 29144K, committed 29312K, reserved 1075200K
  class space    used 3330K, capacity 3612K, committed 3712K, reserved 1048576K
}
Event: 38.668 GC heap before
{Heap before GC invocations=11 (full 1):
 PSYoungGen      total 154112K, used 154103K [0x00000000e0800000, 0x00000000edc80000, 0x0000000100000000)
  eden space 140800K, 100% used [0x00000000e0800000,0x00000000e9180000,0x00000000e9180000)
  from space 13312K, 99% used [0x00000000e9180000,0x00000000e9e7dfa8,0x00000000e9e80000)
  to   space 18432K, 0% used [0x00000000eca80000,0x00000000eca80000,0x00000000edc80000)
 ParOldGen       total 53248K, used 26107K [0x00000000a1800000, 0x00000000a4c00000, 0x00000000e0800000)
  object space 53248K, 49% used [0x00000000a1800000,0x00000000a317ee68,0x00000000a4c00000)
 Metaspace       used 29358K, capacity 30316K, committed 30464K, reserved 1075200K
  class space    used 3474K, capacity 3745K, committed 3840K, reserved 1048576K
Event: 38.734 GC heap after
Heap after GC invocations=11 (full 1):
 PSYoungGen      total 199168K, used 11305K [0x00000000e0800000, 0x00000000ee000000, 0x0000000100000000)
  eden space 180736K, 0% used [0x00000000e0800000,0x00000000e0800000,0x00000000eb880000)
  from space 18432K, 61% used [0x00000000eca80000,0x00000000ed58a5d0,0x00000000edc80000)
  to   space 18432K, 0% used [0x00000000eb880000,0x00000000eb880000,0x00000000eca80000)
 ParOldGen       total 53248K, used 35475K [0x00000000a1800000, 0x00000000a4c00000, 0x00000000e0800000)
  object space 53248K, 66% used [0x00000000a1800000,0x00000000a3aa4da0,0x00000000a4c00000)
 Metaspace       used 29358K, capacity 30316K, committed 30464K, reserved 1075200K
  class space    used 3474K, capacity 3745K, committed 3840K, reserved 1048576K
}
Event: 48.326 GC heap before
{Heap before GC invocations=12 (full 1):
 PSYoungGen      total 199168K, used 192041K [0x00000000e0800000, 0x00000000ee000000, 0x0000000100000000)
  eden space 180736K, 100% used [0x00000000e0800000,0x00000000eb880000,0x00000000eb880000)
  from space 18432K, 61% used [0x00000000eca80000,0x00000000ed58a5d0,0x00000000edc80000)
  to   space 18432K, 0% used [0x00000000eb880000,0x00000000eb880000,0x00000000eca80000)
 ParOldGen       total 53248K, used 35475K [0x00000000a1800000, 0x00000000a4c00000, 0x00000000e0800000)
  object space 53248K, 66% used [0x00000000a1800000,0x00000000a3aa4da0,0x00000000a4c00000)
 Metaspace       used 31885K, capacity 32964K, committed 33024K, reserved 1079296K
  class space    used 3780K, capacity 4067K, committed 4096K, reserved 1048576K
Event: 48.410 GC heap after
Heap after GC invocations=12 (full 1):
 PSYoungGen      total 199168K, used 18421K [0x00000000e0800000, 0x00000000f1c00000, 0x0000000100000000)
  eden space 180736K, 0% used [0x00000000e0800000,0x00000000e0800000,0x00000000eb880000)
  from space 18432K, 99% used [0x00000000eb880000,0x00000000eca7d620,0x00000000eca80000)
  to   space 24064K, 0% used [0x00000000f0480000,0x00000000f0480000,0x00000000f1c00000)
 ParOldGen       total 53248K, used 43828K [0x00000000a1800000, 0x00000000a4c00000, 0x00000000e0800000)
  object space 53248K, 82% used [0x00000000a1800000,0x00000000a42cd218,0x00000000a4c00000)
 Metaspace       used 31885K, capacity 32964K, committed 33024K, reserved 1079296K
  class space    used 3780K, capacity 4067K, committed 4096K, reserved 1048576K
}
Event: 48.410 GC heap before
{Heap before GC invocations=13 (full 2):
 PSYoungGen      total 199168K, used 18421K [0x00000000e0800000, 0x00000000f1c00000, 0x0000000100000000)
  eden space 180736K, 0% used [0x00000000e0800000,0x00000000e0800000,0x00000000eb880000)
  from space 18432K, 99% used [0x00000000eb880000,0x00000000eca7d620,0x00000000eca80000)
  to   space 24064K, 0% used [0x00000000f0480000,0x00000000f0480000,0x00000000f1c00000)
 ParOldGen       total 53248K, used 43828K [0x00000000a1800000, 0x00000000a4c00000, 0x00000000e0800000)
  object space 53248K, 82% used [0x00000000a1800000,0x00000000a42cd218,0x00000000a4c00000)
 Metaspace       used 31885K, capacity 32964K, committed 33024K, reserved 1079296K
  class space    used 3780K, capacity 4067K, committed 4096K, reserved 1048576K
Event: 48.854 GC heap after
Heap after GC invocations=13 (full 2):
 PSYoungGen      total 199168K, used 0K [0x00000000e0800000, 0x00000000f1c00000, 0x0000000100000000)
  eden space 180736K, 0% used [0x00000000e0800000,0x00000000e0800000,0x00000000eb880000)
  from space 18432K, 0% used [0x00000000eb880000,0x00000000eb880000,0x00000000eca80000)
  to   space 24064K, 0% used [0x00000000f0480000,0x00000000f0480000,0x00000000f1c00000)
 ParOldGen       total 53248K, used 39588K [0x00000000a1800000, 0x00000000a4c00000, 0x00000000e0800000)
  object space 53248K, 74% used [0x00000000a1800000,0x00000000a3ea92c8,0x00000000a4c00000)
 Metaspace       used 29060K, capacity 29994K, committed 33024K, reserved 1079296K
  class space    used 3422K, capacity 3679K, committed 4096K, reserved 1048576K
}

