# JRE version: Java(TM) SE Runtime Environment (8.0_261-b12) (build 1.8.0_261-b12)
# Java VM: Java HotSpot(TM) 64-Bit Server VM (25.261-b12 mixed mode windows-amd64 compressed oops)
Heap:
 PSYoungGen      total 38912K, used 6454K [0x00000000e0800000, 0x00000000e4000000, 0x0000000100000000)
  eden space 34816K, 8% used [0x00000000e0800000,0x00000000e0ac3000,0x00000000e2a00000)
  from space 4096K, 88% used [0x00000000e3c00000,0x00000000e3f8a818,0x00000000e4000000)
  to   space 4096K, 0% used [0x00000000e3800000,0x00000000e3800000,0x00000000e3c00000)
 ParOldGen       total 44544K, used 4727K [0x00000000a1800000, 0x00000000a4380000, 0x00000000e0800000)
  object space 44544K, 10% used [0x00000000a1800000,0x00000000a1c9dd58,0x00000000a4380000)
 Metaspace       used 16790K, capacity 17118K, committed 17280K, reserved 1067008K
  class space    used 2053K, capacity 2173K, committed 2176K, reserved 1048576K
GC Heap History (10 events):
Event: 3.669 GC heap before
{Heap before GC invocations=1 (full 0):
 PSYoungGen      total 28672K, used 24576K [0x00000000e0800000, 0x00000000e2800000, 0x0000000100000000)
  eden space 24576K, 100% used [0x00000000e0800000,0x00000000e2000000,0x00000000e2000000)
  from space 4096K, 0% used [0x00000000e2400000,0x00000000e2400000,0x00000000e2800000)
  to   space 4096K, 0% used [0x00000000e2000000,0x00000000e2000000,0x00000000e2400000)
 ParOldGen       total 65536K, used 0K [0x00000000a1800000, 0x00000000a5800000, 0x00000000e0800000)
  object space 65536K, 0% used [0x00000000a1800000,0x00000000a1800000,0x00000000a5800000)
 Metaspace       used 7615K, capacity 7772K, committed 7936K, reserved 1056768K
  class space    used 941K, capacity 1016K, committed 1024K, reserved 1048576K
Event: 3.691 GC heap after
Heap after GC invocations=1 (full 0):
 PSYoungGen      total 28672K, used 4074K [0x00000000e0800000, 0x00000000e2800000, 0x0000000100000000)
  eden space 24576K, 0% used [0x00000000e0800000,0x00000000e0800000,0x00000000e2000000)
  from space 4096K, 99% used [0x00000000e2000000,0x00000000e23fa9b8,0x00000000e2400000)
  to   space 4096K, 0% used [0x00000000e2400000,0x00000000e2400000,0x00000000e2800000)
 ParOldGen       total 65536K, used 288K [0x00000000a1800000, 0x00000000a5800000, 0x00000000e0800000)
  object space 65536K, 0% used [0x00000000a1800000,0x00000000a18481e0,0x00000000a5800000)
 Metaspace       used 7615K, capacity 7772K, committed 7936K, reserved 1056768K
  class space    used 941K, capacity 1016K, committed 1024K, reserved 1048576K
}
Event: 5.486 GC heap before
{Heap before GC invocations=2 (full 0):
 PSYoungGen      total 28672K, used 28650K [0x00000000e0800000, 0x00000000e2800000, 0x0000000100000000)
  eden space 24576K, 100% used [0x00000000e0800000,0x00000000e2000000,0x00000000e2000000)
  from space 4096K, 99% used [0x00000000e2000000,0x00000000e23fa9b8,0x00000000e2400000)
  to   space 4096K, 0% used [0x00000000e2400000,0x00000000e2400000,0x00000000e2800000)
 ParOldGen       total 65536K, used 288K [0x00000000a1800000, 0x00000000a5800000, 0x00000000e0800000)
  object space 65536K, 0% used [0x00000000a1800000,0x00000000a18481e0,0x00000000a5800000)
 Metaspace       used 10122K, capacity 10302K, committed 10368K, reserved 1058816K
  class space    used 1263K, capacity 1347K, committed 1408K, reserved 1048576K
Event: 5.523 GC heap after
Heap after GC invocations=2 (full 0):
 PSYoungGen      total 28672K, used 4093K [0x00000000e0800000, 0x00000000e4000000, 0x0000000100000000)
  eden space 24576K, 0% used [0x00000000e0800000,0x00000000e0800000,0x00000000e2000000)
  from space 4096K, 99% used [0x00000000e2400000,0x00000000e27ff5b0,0x00000000e2800000)
  to   space 4096K, 0% used [0x00000000e2000000,0x00000000e2000000,0x00000000e2400000)
 ParOldGen       total 65536K, used 1331K [0x00000000a1800000, 0x00000000a5800000, 0x00000000e0800000)
  object space 65536K, 2% used [0x00000000a1800000,0x00000000a194ce28,0x00000000a5800000)
 Metaspace       used 10122K, capacity 10302K, committed 10368K, reserved 1058816K
  class space    used 1263K, capacity 1347K, committed 1408K, reserved 1048576K
}
Event: 6.970 GC heap before
{Heap before GC invocations=3 (full 0):
 PSYoungGen      total 28672K, used 18332K [0x00000000e0800000, 0x00000000e4000000, 0x0000000100000000)
  eden space 24576K, 57% used [0x00000000e0800000,0x00000000e15e7aa8,0x00000000e2000000)
  from space 4096K, 99% used [0x00000000e2400000,0x00000000e27ff5b0,0x00000000e2800000)
  to   space 4096K, 0% used [0x00000000e2000000,0x00000000e2000000,0x00000000e2400000)
 ParOldGen       total 65536K, used 1331K [0x00000000a1800000, 0x00000000a5800000, 0x00000000e0800000)
  object space 65536K, 2% used [0x00000000a1800000,0x00000000a194ce28,0x00000000a5800000)
 Metaspace       used 11852K, capacity 11964K, committed 12160K, reserved 1064960K
  class space    used 1503K, capacity 1575K, committed 1664K, reserved 1048576K
Event: 6.991 GC heap after
Heap after GC invocations=3 (full 0):
 PSYoungGen      total 28672K, used 4090K [0x00000000e0800000, 0x00000000e4000000, 0x0000000100000000)
  eden space 24576K, 0% used [0x00000000e0800000,0x00000000e0800000,0x00000000e2000000)
  from space 4096K, 99% used [0x00000000e2000000,0x00000000e23feb80,0x00000000e2400000)
  to   space 4096K, 0% used [0x00000000e3c00000,0x00000000e3c00000,0x00000000e4000000)
 ParOldGen       total 65536K, used 2099K [0x00000000a1800000, 0x00000000a5800000, 0x00000000e0800000)
  object space 65536K, 3% used [0x00000000a1800000,0x00000000a1a0cfd0,0x00000000a5800000)
 Metaspace       used 11852K, capacity 11964K, committed 12160K, reserved 1064960K
  class space    used 1503K, capacity 1575K, committed 1664K, reserved 1048576K
}
Event: 6.991 GC heap before
{Heap before GC invocations=4 (full 1):
 PSYoungGen      total 28672K, used 4090K [0x00000000e0800000, 0x00000000e4000000, 0x0000000100000000)
  eden space 24576K, 0% used [0x00000000e0800000,0x00000000e0800000,0x00000000e2000000)
  from space 4096K, 99% used [0x00000000e2000000,0x00000000e23feb80,0x00000000e2400000)
  to   space 4096K, 0% used [0x00000000e3c00000,0x00000000e3c00000,0x00000000e4000000)
 ParOldGen       total 65536K, used 2099K [0x00000000a1800000, 0x00000000a5800000, 0x00000000e0800000)
  object space 65536K, 3% used [0x00000000a1800000,0x00000000a1a0cfd0,0x00000000a5800000)
 Metaspace       used 11852K, capacity 11964K, committed 12160K, reserved 1064960K
  class space    used 1503K, capacity 1575K, committed 1664K, reserved 1048576K
Event: 7.109 GC heap after
Heap after GC invocations=4 (full 1):
 PSYoungGen      total 28672K, used 0K [0x00000000e0800000, 0x00000000e4000000, 0x0000000100000000)
  eden space 24576K, 0% used [0x00000000e0800000,0x00000000e0800000,0x00000000e2000000)
  from space 4096K, 0% used [0x00000000e2000000,0x00000000e2000000,0x00000000e2400000)
  to   space 4096K, 0% used [0x00000000e3c00000,0x00000000e3c00000,0x00000000e4000000)
 ParOldGen       total 44544K, used 4719K [0x00000000a1800000, 0x00000000a4380000, 0x00000000e0800000)
  object space 44544K, 10% used [0x00000000a1800000,0x00000000a1c9bd58,0x00000000a4380000)
 Metaspace       used 11852K, capacity 11964K, committed 12160K, reserved 1062912K
  class space    used 1503K, capacity 1575K, committed 1664K, reserved 1048576K
}
Event: 10.348 GC heap before
{Heap before GC invocations=5 (full 1):
 PSYoungGen      total 28672K, used 24576K [0x00000000e0800000, 0x00000000e4000000, 0x0000000100000000)
  eden space 24576K, 100% used [0x00000000e0800000,0x00000000e2000000,0x00000000e2000000)
  from space 4096K, 0% used [0x00000000e2000000,0x00000000e2000000,0x00000000e2400000)
  to   space 4096K, 0% used [0x00000000e3c00000,0x00000000e3c00000,0x00000000e4000000)
 ParOldGen       total 44544K, used 4719K [0x00000000a1800000, 0x00000000a4380000, 0x00000000e0800000)
  object space 44544K, 10% used [0x00000000a1800000,0x00000000a1c9bd58,0x00000000a4380000)
 Metaspace       used 16088K, capacity 16390K, committed 16768K, reserved 1064960K
  class space    used 1980K, capacity 2102K, committed 2176K, reserved 1048576K
Event: 10.371 GC heap after
Heap after GC invocations=5 (full 1):
 PSYoungGen      total 38912K, used 3626K [0x00000000e0800000, 0x00000000e4000000, 0x0000000100000000)
  eden space 34816K, 0% used [0x00000000e0800000,0x00000000e0800000,0x00000000e2a00000)
  from space 4096K, 88% used [0x00000000e3c00000,0x00000000e3f8a818,0x00000000e4000000)
  to   space 4096K, 0% used [0x00000000e3800000,0x00000000e3800000,0x00000000e3c00000)
 ParOldGen       total 44544K, used 4727K [0x00000000a1800000, 0x00000000a4380000, 0x00000000e0800000)
  object space 44544K, 10% used [0x00000000a1800000,0x00000000a1c9dd58,0x00000000a4380000)
 Metaspace       used 16088K, capacity 16390K, committed 16768K, reserved 1064960K
  class space    used 1980K, capacity 2102K, committed 2176K, reserved 1048576K
}

