# JRE version: Java(TM) SE Runtime Environment (8.0_261-b12) (build 1.8.0_261-b12)
# Java VM: Java HotSpot(TM) 64-Bit Server VM (25.261-b12 mixed mode windows-amd64 compressed oops)
Heap:
 PSYoungGen      total 28672K, used 10565K [0x00000000e0800000, 0x00000000e4000000, 0x0000000100000000)
  eden space 24576K, 26% used [0x00000000e0800000,0x00000000e0e55ab0,0x00000000e2000000)
  from space 4096K, 99% used [0x00000000e2000000,0x00000000e23fbc40,0x00000000e2400000)
  to   space 4096K, 0% used [0x00000000e3c00000,0x00000000e3c00000,0x00000000e4000000)
 ParOldGen       total 65536K, used 3845K [0x00000000a1800000, 0x00000000a5800000, 0x00000000e0800000)
  object space 65536K, 5% used [0x00000000a1800000,0x00000000a1bc16f8,0x00000000a5800000)
 Metaspace       used 14621K, capacity 14848K, committed 14976K, reserved 1062912K
  class space    used 1812K, capacity 1909K, committed 1920K, reserved 1048576K
GC Heap History (6 events):
Event: 2.200 GC heap before
{Heap before GC invocations=1 (full 0):
 PSYoungGen      total 28672K, used 24576K [0x00000000e0800000, 0x00000000e2800000, 0x0000000100000000)
  eden space 24576K, 100% used [0x00000000e0800000,0x00000000e2000000,0x00000000e2000000)
  from space 4096K, 0% used [0x00000000e2400000,0x00000000e2400000,0x00000000e2800000)
  to   space 4096K, 0% used [0x00000000e2000000,0x00000000e2000000,0x00000000e2400000)
 ParOldGen       total 65536K, used 0K [0x00000000a1800000, 0x00000000a5800000, 0x00000000e0800000)
  object space 65536K, 0% used [0x00000000a1800000,0x00000000a1800000,0x00000000a5800000)
 Metaspace       used 7622K, capacity 7772K, committed 7936K, reserved 1056768K
  class space    used 944K, capacity 1016K, committed 1024K, reserved 1048576K
Event: 2.215 GC heap after
Heap after GC invocations=1 (full 0):
 PSYoungGen      total 28672K, used 4087K [0x00000000e0800000, 0x00000000e2800000, 0x0000000100000000)
  eden space 24576K, 0% used [0x00000000e0800000,0x00000000e0800000,0x00000000e2000000)
  from space 4096K, 99% used [0x00000000e2000000,0x00000000e23fde38,0x00000000e2400000)
  to   space 4096K, 0% used [0x00000000e2400000,0x00000000e2400000,0x00000000e2800000)
 ParOldGen       total 65536K, used 238K [0x00000000a1800000, 0x00000000a5800000, 0x00000000e0800000)
  object space 65536K, 0% used [0x00000000a1800000,0x00000000a183b9d0,0x00000000a5800000)
 Metaspace       used 7622K, capacity 7772K, committed 7936K, reserved 1056768K
  class space    used 944K, capacity 1016K, committed 1024K, reserved 1048576K
}
Event: 3.283 GC heap before
{Heap before GC invocations=2 (full 0):
 PSYoungGen      total 28672K, used 28663K [0x00000000e0800000, 0x00000000e2800000, 0x0000000100000000)
  eden space 24576K, 100% used [0x00000000e0800000,0x00000000e2000000,0x00000000e2000000)
  from space 4096K, 99% used [0x00000000e2000000,0x00000000e23fde38,0x00000000e2400000)
  to   space 4096K, 0% used [0x00000000e2400000,0x00000000e2400000,0x00000000e2800000)
 ParOldGen       total 65536K, used 238K [0x00000000a1800000, 0x00000000a5800000, 0x00000000e0800000)
  object space 65536K, 0% used [0x00000000a1800000,0x00000000a183b9d0,0x00000000a5800000)
 Metaspace       used 10310K, capacity 10462K, committed 10624K, reserved 1058816K
  class space    used 1292K, capacity 1379K, committed 1408K, reserved 1048576K
Event: 3.305 GC heap after
Heap after GC invocations=2 (full 0):
 PSYoungGen      total 28672K, used 4075K [0x00000000e0800000, 0x00000000e4000000, 0x0000000100000000)
  eden space 24576K, 0% used [0x00000000e0800000,0x00000000e0800000,0x00000000e2000000)
  from space 4096K, 99% used [0x00000000e2400000,0x00000000e27fae90,0x00000000e2800000)
  to   space 4096K, 0% used [0x00000000e2000000,0x00000000e2000000,0x00000000e2400000)
 ParOldGen       total 65536K, used 1587K [0x00000000a1800000, 0x00000000a5800000, 0x00000000e0800000)
  object space 65536K, 2% used [0x00000000a1800000,0x00000000a198cd48,0x00000000a5800000)
 Metaspace       used 10310K, capacity 10462K, committed 10624K, reserved 1058816K
  class space    used 1292K, capacity 1379K, committed 1408K, reserved 1048576K
}
Event: 5.031 GC heap before
{Heap before GC invocations=3 (full 0):
 PSYoungGen      total 28672K, used 28600K [0x00000000e0800000, 0x00000000e4000000, 0x0000000100000000)
  eden space 24576K, 99% used [0x00000000e0800000,0x00000000e1ff3340,0x00000000e2000000)
  from space 4096K, 99% used [0x00000000e2400000,0x00000000e27fae90,0x00000000e2800000)
  to   space 4096K, 0% used [0x00000000e2000000,0x00000000e2000000,0x00000000e2400000)
 ParOldGen       total 65536K, used 1587K [0x00000000a1800000, 0x00000000a5800000, 0x00000000e0800000)
  object space 65536K, 2% used [0x00000000a1800000,0x00000000a198cd48,0x00000000a5800000)
 Metaspace       used 13548K, capacity 13854K, committed 14208K, reserved 1060864K
  class space    used 1707K, capacity 1811K, committed 1920K, reserved 1048576K
Event: 5.051 GC heap after
Heap after GC invocations=3 (full 0):
 PSYoungGen      total 28672K, used 4079K [0x00000000e0800000, 0x00000000e4000000, 0x0000000100000000)
  eden space 24576K, 0% used [0x00000000e0800000,0x00000000e0800000,0x00000000e2000000)
  from space 4096K, 99% used [0x00000000e2000000,0x00000000e23fbc40,0x00000000e2400000)
  to   space 4096K, 0% used [0x00000000e3c00000,0x00000000e3c00000,0x00000000e4000000)
 ParOldGen       total 65536K, used 3845K [0x00000000a1800000, 0x00000000a5800000, 0x00000000e0800000)
  object space 65536K, 5% used [0x00000000a1800000,0x00000000a1bc16f8,0x00000000a5800000)
 Metaspace       used 13548K, capacity 13854K, committed 14208K, reserved 1060864K
  class space    used 1707K, capacity 1811K, committed 1920K, reserved 1048576K
}

